<?xml version="1.0" encoding="UTF-8"?>
<!-- Generated by org.testng.reporters.JUnitXMLReporter -->
<testsuite ignored="4" hostname="DESKTOP-14DE18T" failures="0" tests="1" name="Default test" time="51.87" errors="0" timestamp="2023-10-29T17:31:38 IST">
  <testcase classname="test.AddToCartTestPage" name="addMultipleProductsFromProductDisplayPage" time="20.907"/>
  <testcase classname="test.AddToCartTestPage" name="addMultipleProductsFromQuickView" time="0.0">
    <ignored/>
  </testcase> <!-- addMultipleProductsFromQuickView -->
  <testcase classname="test.AddToCartTestPage" name="verifyingProductAddedToCart" time="0.0">
    <ignored/>
  </testcase> <!-- verifyingProductAddedToCart -->
  <testcase classname="test.AddToCartTestPage" name="productAddedToCartFromProductDisplayPage" time="0.0">
    <ignored/>
  </testcase> <!-- productAddedToCartFromProductDisplayPage -->
  <testcase classname="test.AddToCartTestPage" name="verifyingArithmeticCalculationsOfAddToCart" time="0.0">
    <ignored/>
  </testcase> <!-- verifyingArithmeticCalculationsOfAddToCart -->
</testsuite> <!-- Default test -->
