<?xml version="1.0" encoding="UTF-8"?>
<testng-results ignored="0" total="1" passed="1" failed="0" skipped="0">
  <reporter-output>
  </reporter-output>
  <suite started-at="2023-10-29T17:30:46 IST" name="Default suite" finished-at="2023-10-29T17:31:38 IST" duration-ms="51870">
    <groups>
    </groups>
    <test started-at="2023-10-29T17:30:46 IST" name="Default test" finished-at="2023-10-29T17:31:38 IST" duration-ms="51870">
      <class name="test.AddToCartTestPage">
        <test-method is-config="true" signature="addReports()[pri:0, instance:test.AddToCartTestPage@2f4948e4]" started-at="2023-10-29T17:30:46 IST" name="addReports" finished-at="2023-10-29T17:30:47 IST" duration-ms="1489" status="PASS">
          <reporter-output>
          </reporter-output>
        </test-method> <!-- addReports -->
        <test-method is-config="true" signature="openBrowser()[pri:0, instance:test.AddToCartTestPage@2f4948e4]" started-at="2023-10-29T17:30:47 IST" name="openBrowser" finished-at="2023-10-29T17:31:14 IST" duration-ms="26433" status="PASS">
          <reporter-output>
          </reporter-output>
        </test-method> <!-- openBrowser -->
        <test-method signature="addMultipleProductsFromProductDisplayPage()[pri:4, instance:test.AddToCartTestPage@2f4948e4]" started-at="2023-10-29T17:31:14 IST" name="addMultipleProductsFromProductDisplayPage" finished-at="2023-10-29T17:31:35 IST" duration-ms="20907" status="PASS">
          <reporter-output>
          </reporter-output>
        </test-method> <!-- addMultipleProductsFromProductDisplayPage -->
        <test-method is-config="true" signature="closeBrowser(org.testng.ITestResult)[pri:0, instance:test.AddToCartTestPage@2f4948e4]" started-at="2023-10-29T17:31:35 IST" name="closeBrowser" finished-at="2023-10-29T17:31:35 IST" duration-ms="221" status="PASS">
          <params>
            <param index="0">
              <value>
                <![CDATA[[TestResult name=addMultipleProductsFromProductDisplayPage status=SUCCESS method=AddToCartTestPage.addMultipleProductsFromProductDisplayPage()[pri:4, instance:test.AddToCartTestPage@2f4948e4] output={null}]]]>
              </value>
            </param>
          </params>
          <reporter-output>
          </reporter-output>
        </test-method> <!-- closeBrowser -->
        <test-method is-config="true" signature="flushData()[pri:0, instance:test.AddToCartTestPage@2f4948e4]" started-at="2023-10-29T17:31:35 IST" name="flushData" finished-at="2023-10-29T17:31:38 IST" duration-ms="2613" status="PASS">
          <reporter-output>
          </reporter-output>
        </test-method> <!-- flushData -->
      </class> <!-- test.AddToCartTestPage -->
    </test> <!-- Default test -->
  </suite> <!-- Default suite -->
</testng-results>
